2023-01-17 08:54:39,460 - 30JulyEcommerce -INFO - Enter user mailL
2023-01-17 08:58:38,882 - 30JulyEcommerce -INFO - Open commerce URL
2023-01-17 08:58:42,186 - 30JulyEcommerce -INFO - Enter user mailL
2023-01-17 08:59:51,752 - 30JulyEcommerce -INFO - Open commerce URL
2023-01-17 08:59:55,045 - 30JulyEcommerce -INFO - Enter user mailL
2023-01-17 08:59:58,168 - 30JulyEcommerce -INFO - Enter User password
2023-01-17 09:00:01,892 - 30JulyEcommerce -INFO - Clicked on longin button
2023-01-18 08:03:56,751 - 30JulyEcommerce -INFO - Open URL
2023-01-18 08:04:00,057 - 30JulyEcommerce -INFO - Enter user mailL
2023-01-18 08:04:03,186 - 30JulyEcommerce -INFO - Enter User password
2023-01-18 08:04:08,129 - 30JulyEcommerce -INFO - Clicked on longin button
2023-01-18 08:04:11,141 - 30JulyEcommerce -INFO - Login successfully
2023-01-18 08:23:00,313 - 30JulyEcommerce -INFO - Open URL
2023-01-18 08:23:03,620 - 30JulyEcommerce -INFO - Enter user mailL
2023-01-18 08:23:06,749 - 30JulyEcommerce -INFO - Enter User password
2023-01-18 08:23:11,194 - 30JulyEcommerce -INFO - Clicked on longin button
2023-01-18 08:24:43,506 - 30JulyEcommerce -INFO - Open URL
2023-01-18 08:24:46,816 - 30JulyEcommerce -INFO - Enter user mailL
2023-01-18 08:24:49,942 - 30JulyEcommerce -INFO - Enter User password
2023-01-18 08:24:54,395 - 30JulyEcommerce -INFO - Clicked on longin button
2023-01-18 08:28:09,942 - 30JulyEcommerce -INFO - Open URL
2023-01-18 08:28:13,239 - 30JulyEcommerce -INFO - Enter user mailL
2023-01-18 08:28:16,370 - 30JulyEcommerce -INFO - Enter User password
2023-01-18 08:28:20,805 - 30JulyEcommerce -INFO - Clicked on longin button
2023-01-18 08:33:18,789 - 30JulyEcommerce -INFO - Open URL
2023-01-18 08:33:22,081 - 30JulyEcommerce -INFO - Enter user mailL
2023-01-18 08:33:25,201 - 30JulyEcommerce -INFO - Enter User password
2023-01-18 08:33:29,628 - 30JulyEcommerce -INFO - Clicked on longin button
2023-01-18 08:36:38,032 - 30JulyEcommerce -INFO - Open URL
2023-01-18 08:36:41,343 - 30JulyEcommerce -INFO - Enter user mailL
2023-01-18 08:36:44,471 - 30JulyEcommerce -INFO - Enter User password
2023-01-18 08:36:48,898 - 30JulyEcommerce -INFO - Clicked on longin button
2023-01-18 08:40:14,572 - 30JulyEcommerce -INFO - Open URL
2023-01-18 08:40:17,856 - 30JulyEcommerce -INFO - Enter user mailL
2023-01-18 08:40:20,984 - 30JulyEcommerce -INFO - Enter User password
2023-01-18 08:40:25,454 - 30JulyEcommerce -INFO - Clicked on longin button
2023-01-18 08:43:35,992 - 30JulyEcommerce -INFO - Open URL
2023-01-18 08:43:39,324 - 30JulyEcommerce -INFO - Enter user mailL
2023-01-18 08:43:42,449 - 30JulyEcommerce -INFO - Enter User password
2023-01-18 08:43:46,891 - 30JulyEcommerce -INFO - Clicked on longin button
2023-01-18 09:13:13,975 - 30JulyEcommerce -INFO - Open URL
2023-01-18 09:13:17,283 - 30JulyEcommerce -INFO - Enter user mailL
2023-01-18 09:13:20,406 - 30JulyEcommerce -INFO - Enter User password
2023-01-18 09:13:24,936 - 30JulyEcommerce -INFO - Clicked on longin button
2023-01-18 09:14:35,031 - 30JulyEcommerce -INFO - Open URL
2023-01-18 09:14:38,314 - 30JulyEcommerce -INFO - Enter user mailL
2023-01-18 09:14:41,438 - 30JulyEcommerce -INFO - Enter User password
2023-01-18 09:14:45,916 - 30JulyEcommerce -INFO - Clicked on longin button
2023-01-18 09:15:22,838 - 30JulyEcommerce -INFO - Open URL
2023-01-18 09:15:26,108 - 30JulyEcommerce -INFO - Enter user mailL
2023-01-18 09:15:29,248 - 30JulyEcommerce -INFO - Enter User password
2023-01-18 09:15:33,659 - 30JulyEcommerce -INFO - Clicked on longin button
2023-01-18 19:32:13,070 - 30JulyEcommerce -INFO - Open URL
2023-01-18 19:32:16,469 - 30JulyEcommerce -INFO - Enter user mailL
2023-01-18 19:32:19,646 - 30JulyEcommerce -INFO - Enter User password
2023-01-18 19:32:24,171 - 30JulyEcommerce -INFO - Clicked on longin button
2023-01-19 08:25:14,645 - 30JulyEcommerce -INFO - Open URL
2023-01-19 08:25:17,963 - 30JulyEcommerce -INFO - Enter user mailL
2023-01-19 08:25:21,104 - 30JulyEcommerce -INFO - Enter User password
2023-01-19 08:25:24,838 - 30JulyEcommerce -INFO - Clicked on longin button
2023-01-19 08:25:31,779 - 30JulyEcommerce -INFO - Mouseover on computer
2023-01-19 08:27:22,106 - 30JulyEcommerce -INFO - Open URL
2023-01-19 08:27:25,408 - 30JulyEcommerce -INFO - Enter user mailL
2023-01-19 08:27:28,552 - 30JulyEcommerce -INFO - Enter User password
2023-01-19 08:27:32,775 - 30JulyEcommerce -INFO - Clicked on longin button
2023-01-19 08:27:35,971 - 30JulyEcommerce -INFO - Mouseover on computer
2023-01-19 08:27:36,599 - 30JulyEcommerce -INFO - Clicked on NotebookText
2023-01-19 08:29:49,420 - 30JulyEcommerce -INFO - Open URL
2023-01-19 08:29:52,718 - 30JulyEcommerce -INFO - Enter user mailL
2023-01-19 08:29:55,864 - 30JulyEcommerce -INFO - Enter User password
2023-01-19 08:30:00,761 - 30JulyEcommerce -INFO - Clicked on longin button
2023-01-19 08:30:03,927 - 30JulyEcommerce -INFO - Mouseover on computer
2023-01-19 08:30:04,787 - 30JulyEcommerce -INFO - Clicked on NotebookText
2023-01-19 08:30:06,641 - 30JulyEcommerce -INFO - Product selected
2023-01-19 08:30:06,722 - 30JulyEcommerce -INFO - Add to cart
2023-01-19 08:30:07,080 - 30JulyEcommerce -INFO - Verified message
2023-01-19 08:30:07,143 - 30JulyEcommerce -INFO - Clciked on close Tab
2023-01-19 09:00:23,233 - 30JulyEcommerce -INFO - Open URL
2023-01-19 09:00:26,538 - 30JulyEcommerce -INFO - Enter user mailL
2023-01-19 09:00:29,694 - 30JulyEcommerce -INFO - Enter User password
2023-01-19 09:00:34,641 - 30JulyEcommerce -INFO - Clicked on longin button
2023-01-19 09:00:46,074 - 30JulyEcommerce -INFO - Open URL
2023-01-19 09:00:49,305 - 30JulyEcommerce -INFO - Enter user mailL
2023-01-19 09:00:52,420 - 30JulyEcommerce -INFO - Enter User password
2023-01-19 09:00:56,591 - 30JulyEcommerce -INFO - Clicked on longin button
2023-01-19 09:00:59,764 - 30JulyEcommerce -INFO - Mouseover on computer
2023-01-19 09:01:00,669 - 30JulyEcommerce -INFO - Clicked on NotebookText
2023-01-19 09:01:01,865 - 30JulyEcommerce -INFO - Product selected
2023-01-19 09:01:01,932 - 30JulyEcommerce -INFO - Add to cart
2023-01-19 09:01:02,750 - 30JulyEcommerce -INFO - Verified message
2023-01-19 09:01:02,805 - 30JulyEcommerce -INFO - Clciked on close Tab
2023-01-20 08:14:44,695 - 30JulyEcommerce -INFO - User created
2023-01-20 09:24:17,959 - 30JulyEcommerce -INFO - Open URL
2023-01-20 09:24:21,280 - 30JulyEcommerce -INFO - Enter user mailL
2023-01-20 09:24:24,424 - 30JulyEcommerce -INFO - Enter User password
2023-01-20 09:24:28,931 - 30JulyEcommerce -INFO - Clicked on longin button
2023-01-20 09:24:36,884 - 30JulyEcommerce -INFO - Open URL
2023-01-20 09:24:40,097 - 30JulyEcommerce -INFO - Enter user mailL
2023-01-20 09:24:43,229 - 30JulyEcommerce -INFO - Enter User password
2023-01-20 09:24:47,642 - 30JulyEcommerce -INFO - Clicked on longin button
2023-01-20 09:24:56,960 - 30JulyEcommerce -INFO - Open URL
2023-01-20 09:25:00,183 - 30JulyEcommerce -INFO - Enter user mailL
2023-01-20 09:25:03,326 - 30JulyEcommerce -INFO - Enter User password
2023-01-20 09:25:06,996 - 30JulyEcommerce -INFO - Clicked on longin button
2023-01-20 09:25:12,983 - 30JulyEcommerce -INFO - Open URL
2023-01-20 09:25:16,202 - 30JulyEcommerce -INFO - Enter user mailL
2023-01-20 09:25:19,355 - 30JulyEcommerce -INFO - Enter User password
2023-01-20 09:25:23,780 - 30JulyEcommerce -INFO - Clicked on longin button
2023-01-20 09:25:31,980 - 30JulyEcommerce -INFO - Open URL
2023-01-20 09:25:35,195 - 30JulyEcommerce -INFO - Enter user mailL
2023-01-20 09:25:38,325 - 30JulyEcommerce -INFO - Enter User password
2023-01-20 09:25:42,094 - 30JulyEcommerce -INFO - Clicked on longin button
2023-01-20 13:22:24,405 - 30JulyEcommerce -INFO - User created
2023-01-20 13:23:10,747 - 30JulyEcommerce -INFO - Open URL
2023-01-20 13:23:13,901 - 30JulyEcommerce -INFO - Enter user mail
2023-01-20 13:23:17,001 - 30JulyEcommerce -INFO - Enter User password
2023-01-20 13:23:21,466 - 30JulyEcommerce -INFO - Clicked on longin button
2023-01-20 13:23:25,218 - 30JulyEcommerce -INFO - Open URL
2023-01-20 13:23:28,342 - 30JulyEcommerce -INFO - Enter user mail
2023-01-20 13:23:31,462 - 30JulyEcommerce -INFO - Enter User password
2023-01-20 13:23:35,111 - 30JulyEcommerce -INFO - Clicked on longin button
2023-01-20 13:23:38,205 - 30JulyEcommerce -INFO - Open URL
2023-01-20 13:23:41,306 - 30JulyEcommerce -INFO - Enter user mail
2023-01-20 13:23:44,394 - 30JulyEcommerce -INFO - Enter User password
2023-01-20 13:23:49,164 - 30JulyEcommerce -INFO - Clicked on longin button
2023-01-20 13:23:52,640 - 30JulyEcommerce -INFO - Open URL
2023-01-20 13:23:55,735 - 30JulyEcommerce -INFO - Enter user mail
2023-01-20 13:23:58,828 - 30JulyEcommerce -INFO - Enter User password
2023-01-20 13:24:02,613 - 30JulyEcommerce -INFO - Clicked on longin button
2023-01-20 13:24:05,717 - 30JulyEcommerce -INFO - Open URL
2023-01-20 13:24:08,814 - 30JulyEcommerce -INFO - Enter user mail
2023-01-20 13:24:11,916 - 30JulyEcommerce -INFO - Enter User password
2023-01-20 13:24:15,547 - 30JulyEcommerce -INFO - Clicked on longin button
2023-01-20 13:29:13,764 - 30JulyEcommerce -INFO - Open URL
2023-01-20 13:29:16,880 - 30JulyEcommerce -INFO - Enter user mail
2023-01-20 13:29:19,983 - 30JulyEcommerce -INFO - Enter User password
2023-01-20 13:29:24,626 - 30JulyEcommerce -INFO - Clicked on longin button
2023-01-20 13:29:27,823 - 30JulyEcommerce -INFO - Open URL
2023-01-20 13:29:30,916 - 30JulyEcommerce -INFO - Enter user mail
2023-01-20 13:29:34,014 - 30JulyEcommerce -INFO - Enter User password
2023-01-20 13:29:38,356 - 30JulyEcommerce -INFO - Clicked on longin button
2023-01-20 13:29:41,826 - 30JulyEcommerce -INFO - Open URL
2023-01-20 13:29:44,917 - 30JulyEcommerce -INFO - Enter user mail
2023-01-20 13:29:48,019 - 30JulyEcommerce -INFO - Enter User password
2023-01-20 13:29:52,446 - 30JulyEcommerce -INFO - Clicked on longin button
2023-01-20 13:29:55,380 - 30JulyEcommerce -INFO - Open URL
2023-01-20 13:29:58,484 - 30JulyEcommerce -INFO - Enter user mail
2023-01-20 13:30:01,575 - 30JulyEcommerce -INFO - Enter User password
2023-01-20 13:30:06,060 - 30JulyEcommerce -INFO - Clicked on longin button
2023-01-20 13:30:09,039 - 30JulyEcommerce -INFO - Open URL
2023-01-20 13:30:12,135 - 30JulyEcommerce -INFO - Enter user mail
2023-01-20 13:30:15,226 - 30JulyEcommerce -INFO - Enter User password
2023-01-20 13:30:19,680 - 30JulyEcommerce -INFO - Clicked on longin button
2023-01-20 13:32:38,136 - 30JulyEcommerce -INFO - Open URL
2023-01-20 13:32:41,262 - 30JulyEcommerce -INFO - Enter user mail
2023-01-20 13:32:44,372 - 30JulyEcommerce -INFO - Enter User password
2023-01-20 13:34:20,495 - 30JulyEcommerce -INFO - Open URL
2023-01-20 13:34:23,642 - 30JulyEcommerce -INFO - Enter user mail
2023-01-20 13:34:26,746 - 30JulyEcommerce -INFO - Enter User password
2023-01-20 13:34:31,410 - 30JulyEcommerce -INFO - Clicked on longin button
2023-01-20 13:34:33,776 - 30JulyEcommerce -INFO - Open URL
2023-01-20 13:34:36,873 - 30JulyEcommerce -INFO - Enter user mail
2023-01-20 13:34:39,960 - 30JulyEcommerce -INFO - Enter User password
2023-01-20 13:34:43,920 - 30JulyEcommerce -INFO - Clicked on longin button
2023-01-20 13:34:47,078 - 30JulyEcommerce -INFO - Open URL
2023-01-20 13:34:50,169 - 30JulyEcommerce -INFO - Enter user mail
2023-01-20 13:34:53,263 - 30JulyEcommerce -INFO - Enter User password
2023-01-20 13:34:57,777 - 30JulyEcommerce -INFO - Clicked on longin button
2023-01-20 13:35:01,146 - 30JulyEcommerce -INFO - Open URL
2023-01-20 13:35:04,247 - 30JulyEcommerce -INFO - Enter user mail
2023-01-20 13:35:07,351 - 30JulyEcommerce -INFO - Enter User password
2023-01-20 13:35:10,995 - 30JulyEcommerce -INFO - Clicked on longin button
2023-01-20 13:35:13,224 - 30JulyEcommerce -INFO - Open URL
2023-01-20 13:35:16,332 - 30JulyEcommerce -INFO - Enter user mail
2023-01-20 13:35:19,420 - 30JulyEcommerce -INFO - Enter User password
2023-01-20 13:35:24,172 - 30JulyEcommerce -INFO - Clicked on longin button
2023-01-20 13:37:55,256 - 30JulyEcommerce -INFO - Open URL
2023-01-20 13:37:58,392 - 30JulyEcommerce -INFO - Enter user mail
2023-01-20 13:38:01,493 - 30JulyEcommerce -INFO - Enter User password
2023-01-20 13:38:06,366 - 30JulyEcommerce -INFO - Clicked on longin button
2023-01-20 13:38:09,698 - 30JulyEcommerce -INFO - Open URL
2023-01-20 13:38:12,780 - 30JulyEcommerce -INFO - Enter user mail
2023-01-20 13:38:15,876 - 30JulyEcommerce -INFO - Enter User password
2023-01-20 13:38:20,271 - 30JulyEcommerce -INFO - Clicked on longin button
2023-01-20 13:38:22,883 - 30JulyEcommerce -INFO - Open URL
2023-01-20 13:38:25,982 - 30JulyEcommerce -INFO - Enter user mail
2023-01-20 13:38:29,077 - 30JulyEcommerce -INFO - Enter User password
2023-01-20 13:38:32,744 - 30JulyEcommerce -INFO - Clicked on longin button
2023-01-20 13:38:36,061 - 30JulyEcommerce -INFO - Open URL
2023-01-20 13:38:39,152 - 30JulyEcommerce -INFO - Enter user mail
2023-01-20 13:38:42,241 - 30JulyEcommerce -INFO - Enter User password
2023-01-20 13:38:45,918 - 30JulyEcommerce -INFO - Clicked on longin button
2023-01-20 13:38:48,314 - 30JulyEcommerce -INFO - Open URL
2023-01-20 13:38:51,411 - 30JulyEcommerce -INFO - Enter user mail
2023-01-20 13:38:54,509 - 30JulyEcommerce -INFO - Enter User password
2023-01-20 13:38:58,347 - 30JulyEcommerce -INFO - Clicked on longin button
2023-01-22 09:26:04,297 - 30JulyEcommerce -INFO - Open URL
2023-01-22 09:26:07,494 - 30JulyEcommerce -INFO - Enter user mail
2023-01-22 09:26:10,606 - 30JulyEcommerce -INFO - Enter User password
2023-01-22 09:26:15,679 - 30JulyEcommerce -INFO - Clicked on longin button
2023-01-22 09:26:21,125 - 30JulyEcommerce -INFO - Open URL
2023-01-22 09:26:24,246 - 30JulyEcommerce -INFO - Enter user mail
2023-01-22 09:26:27,366 - 30JulyEcommerce -INFO - Enter User password
2023-01-22 09:26:32,261 - 30JulyEcommerce -INFO - Clicked on longin button
2023-01-22 09:26:35,660 - 30JulyEcommerce -INFO - Open URL
2023-01-22 09:26:38,807 - 30JulyEcommerce -INFO - Enter user mail
2023-01-22 09:26:41,915 - 30JulyEcommerce -INFO - Enter User password
2023-01-22 09:26:46,695 - 30JulyEcommerce -INFO - Clicked on longin button
2023-01-22 09:26:50,182 - 30JulyEcommerce -INFO - Open URL
2023-01-22 09:26:53,288 - 30JulyEcommerce -INFO - Enter user mail
2023-01-22 09:26:56,409 - 30JulyEcommerce -INFO - Enter User password
2023-01-22 09:27:01,753 - 30JulyEcommerce -INFO - Clicked on longin button
2023-01-22 09:27:04,232 - 30JulyEcommerce -INFO - Open URL
2023-01-22 09:27:07,333 - 30JulyEcommerce -INFO - Enter user mail
2023-01-22 09:27:10,441 - 30JulyEcommerce -INFO - Enter User password
2023-01-22 09:27:14,534 - 30JulyEcommerce -INFO - Clicked on longin button
